2015-06-01 22:21:45,296 Performance - ---------------------------------------------------
CPU Usage: 0.00%, Physical Memory Usage: 36,888,576.00, Total Thread Count: 19
AvailableWorkingThreads: 32766, AvailableCompletionPortThreads: 1000
MaxWorkingThreads: 32767, MaxCompletionPortThreads: 1000
GameService ----------------------------------
Started Time: 2015/6/1 22:21:44
Is Running: True
Total Connections: 0
Maximum Allowed Connection Number: 1000
Total Handled Requests: 0
Request Handling Speed (#/second): 0
Avialable Sending Queue Items: 256
Total Sending Queue Items: 256
ManagementServer ----------------------------------
Started Time: 2015/6/1 22:21:44
Is Running: True
Total Connections: 0
Maximum Allowed Connection Number: 100
Total Handled Requests: 0
Request Handling Speed (#/second): 0
Avialable Sending Queue Items: 256
Total Sending Queue Items: 256
SilverlightPolicyServer ----------------------------------
Started Time: 2015/6/1 22:21:44
Is Running: True
Total Connections: 0
Maximum Allowed Connection Number: 10
Total Handled Requests: 0
Request Handling Speed (#/second): 0
Avialable Sending Queue Items: 256
Total Sending Queue Items: 256

2015-06-01 22:22:44,967 Performance - ---------------------------------------------------
CPU Usage: 0.24%, Physical Memory Usage: 43,393,024.00, Total Thread Count: 23
AvailableWorkingThreads: 32766, AvailableCompletionPortThreads: 1000
MaxWorkingThreads: 32767, MaxCompletionPortThreads: 1000
GameService ----------------------------------
Started Time: 2015/6/1 22:21:44
Is Running: True
Total Connections: 1
Maximum Allowed Connection Number: 1000
Total Handled Requests: 0
Request Handling Speed (#/second): 0
Avialable Sending Queue Items: 255
Total Sending Queue Items: 256
ManagementServer ----------------------------------
Started Time: 2015/6/1 22:21:44
Is Running: True
Total Connections: 0
Maximum Allowed Connection Number: 100
Total Handled Requests: 0
Request Handling Speed (#/second): 0
Avialable Sending Queue Items: 256
Total Sending Queue Items: 256
SilverlightPolicyServer ----------------------------------
Started Time: 2015/6/1 22:21:44
Is Running: True
Total Connections: 0
Maximum Allowed Connection Number: 10
Total Handled Requests: 0
Request Handling Speed (#/second): 0
Avialable Sending Queue Items: 256
Total Sending Queue Items: 256

2015-06-01 22:23:44,977 Performance - ---------------------------------------------------
CPU Usage: 0.01%, Physical Memory Usage: 43,917,312.00, Total Thread Count: 22
AvailableWorkingThreads: 32765, AvailableCompletionPortThreads: 1000
MaxWorkingThreads: 32767, MaxCompletionPortThreads: 1000
GameService ----------------------------------
Started Time: 2015/6/1 22:21:44
Is Running: True
Total Connections: 1
Maximum Allowed Connection Number: 1000
Total Handled Requests: 0
Request Handling Speed (#/second): 0
Avialable Sending Queue Items: 255
Total Sending Queue Items: 256
ManagementServer ----------------------------------
Started Time: 2015/6/1 22:21:44
Is Running: True
Total Connections: 0
Maximum Allowed Connection Number: 100
Total Handled Requests: 0
Request Handling Speed (#/second): 0
Avialable Sending Queue Items: 256
Total Sending Queue Items: 256
SilverlightPolicyServer ----------------------------------
Started Time: 2015/6/1 22:21:44
Is Running: True
Total Connections: 0
Maximum Allowed Connection Number: 10
Total Handled Requests: 0
Request Handling Speed (#/second): 0
Avialable Sending Queue Items: 256
Total Sending Queue Items: 256

2015-06-01 22:24:44,997 Performance - ---------------------------------------------------
CPU Usage: 0.00%, Physical Memory Usage: 44,449,792.00, Total Thread Count: 22
AvailableWorkingThreads: 32766, AvailableCompletionPortThreads: 1000
MaxWorkingThreads: 32767, MaxCompletionPortThreads: 1000
GameService ----------------------------------
Started Time: 2015/6/1 22:21:44
Is Running: True
Total Connections: 1
Maximum Allowed Connection Number: 1000
Total Handled Requests: 0
Request Handling Speed (#/second): 0
Avialable Sending Queue Items: 255
Total Sending Queue Items: 256
ManagementServer ----------------------------------
Started Time: 2015/6/1 22:21:44
Is Running: True
Total Connections: 0
Maximum Allowed Connection Number: 100
Total Handled Requests: 0
Request Handling Speed (#/second): 0
Avialable Sending Queue Items: 256
Total Sending Queue Items: 256
SilverlightPolicyServer ----------------------------------
Started Time: 2015/6/1 22:21:44
Is Running: True
Total Connections: 0
Maximum Allowed Connection Number: 10
Total Handled Requests: 0
Request Handling Speed (#/second): 0
Avialable Sending Queue Items: 256
Total Sending Queue Items: 256

2015-06-01 22:25:45,007 Performance - ---------------------------------------------------
CPU Usage: 0.00%, Physical Memory Usage: 44,867,584.00, Total Thread Count: 22
AvailableWorkingThreads: 32766, AvailableCompletionPortThreads: 1000
MaxWorkingThreads: 32767, MaxCompletionPortThreads: 1000
GameService ----------------------------------
Started Time: 2015/6/1 22:21:44
Is Running: True
Total Connections: 1
Maximum Allowed Connection Number: 1000
Total Handled Requests: 0
Request Handling Speed (#/second): 0
Avialable Sending Queue Items: 255
Total Sending Queue Items: 256
ManagementServer ----------------------------------
Started Time: 2015/6/1 22:21:44
Is Running: True
Total Connections: 0
Maximum Allowed Connection Number: 100
Total Handled Requests: 0
Request Handling Speed (#/second): 0
Avialable Sending Queue Items: 256
Total Sending Queue Items: 256
SilverlightPolicyServer ----------------------------------
Started Time: 2015/6/1 22:21:44
Is Running: True
Total Connections: 0
Maximum Allowed Connection Number: 10
Total Handled Requests: 0
Request Handling Speed (#/second): 0
Avialable Sending Queue Items: 256
Total Sending Queue Items: 256

2015-06-01 22:26:45,017 Performance - ---------------------------------------------------
CPU Usage: 0.04%, Physical Memory Usage: 45,641,728.00, Total Thread Count: 22
AvailableWorkingThreads: 32766, AvailableCompletionPortThreads: 1000
MaxWorkingThreads: 32767, MaxCompletionPortThreads: 1000
GameService ----------------------------------
Started Time: 2015/6/1 22:21:44
Is Running: True
Total Connections: 1
Maximum Allowed Connection Number: 1000
Total Handled Requests: 1
Request Handling Speed (#/second): 0
Avialable Sending Queue Items: 255
Total Sending Queue Items: 256
ManagementServer ----------------------------------
Started Time: 2015/6/1 22:21:44
Is Running: True
Total Connections: 0
Maximum Allowed Connection Number: 100
Total Handled Requests: 0
Request Handling Speed (#/second): 0
Avialable Sending Queue Items: 256
Total Sending Queue Items: 256
SilverlightPolicyServer ----------------------------------
Started Time: 2015/6/1 22:21:44
Is Running: True
Total Connections: 0
Maximum Allowed Connection Number: 10
Total Handled Requests: 0
Request Handling Speed (#/second): 0
Avialable Sending Queue Items: 256
Total Sending Queue Items: 256

2015-06-01 22:28:07,147 Performance - ---------------------------------------------------
CPU Usage: 0.00%, Physical Memory Usage: 37,089,280.00, Total Thread Count: 23
AvailableWorkingThreads: 32766, AvailableCompletionPortThreads: 1000
MaxWorkingThreads: 32767, MaxCompletionPortThreads: 1000
GameService ----------------------------------
Started Time: 2015/6/1 22:28:06
Is Running: True
Total Connections: 0
Maximum Allowed Connection Number: 1000
Total Handled Requests: 0
Request Handling Speed (#/second): 0
Avialable Sending Queue Items: 256
Total Sending Queue Items: 256
ManagementServer ----------------------------------
Started Time: 2015/6/1 22:28:07
Is Running: True
Total Connections: 0
Maximum Allowed Connection Number: 100
Total Handled Requests: 0
Request Handling Speed (#/second): 0
Avialable Sending Queue Items: 256
Total Sending Queue Items: 256
SilverlightPolicyServer ----------------------------------
Started Time: 2015/6/1 22:28:07
Is Running: True
Total Connections: 0
Maximum Allowed Connection Number: 10
Total Handled Requests: 0
Request Handling Speed (#/second): 0
Avialable Sending Queue Items: 256
Total Sending Queue Items: 256

2015-06-01 22:29:07,127 Performance - ---------------------------------------------------
CPU Usage: 0.21%, Physical Memory Usage: 43,499,520.00, Total Thread Count: 27
AvailableWorkingThreads: 32766, AvailableCompletionPortThreads: 1000
MaxWorkingThreads: 32767, MaxCompletionPortThreads: 1000
GameService ----------------------------------
Started Time: 2015/6/1 22:28:06
Is Running: True
Total Connections: 1
Maximum Allowed Connection Number: 1000
Total Handled Requests: 1
Request Handling Speed (#/second): 0
Avialable Sending Queue Items: 255
Total Sending Queue Items: 256
ManagementServer ----------------------------------
Started Time: 2015/6/1 22:28:07
Is Running: True
Total Connections: 0
Maximum Allowed Connection Number: 100
Total Handled Requests: 0
Request Handling Speed (#/second): 0
Avialable Sending Queue Items: 256
Total Sending Queue Items: 256
SilverlightPolicyServer ----------------------------------
Started Time: 2015/6/1 22:28:07
Is Running: True
Total Connections: 0
Maximum Allowed Connection Number: 10
Total Handled Requests: 0
Request Handling Speed (#/second): 0
Avialable Sending Queue Items: 256
Total Sending Queue Items: 256

2015-06-01 22:30:07,137 Performance - ---------------------------------------------------
CPU Usage: 0.02%, Physical Memory Usage: 44,740,608.00, Total Thread Count: 29
AvailableWorkingThreads: 32766, AvailableCompletionPortThreads: 1000
MaxWorkingThreads: 32767, MaxCompletionPortThreads: 1000
GameService ----------------------------------
Started Time: 2015/6/1 22:28:06
Is Running: True
Total Connections: 1
Maximum Allowed Connection Number: 1000
Total Handled Requests: 2
Request Handling Speed (#/second): 0
Avialable Sending Queue Items: 255
Total Sending Queue Items: 256
ManagementServer ----------------------------------
Started Time: 2015/6/1 22:28:07
Is Running: True
Total Connections: 0
Maximum Allowed Connection Number: 100
Total Handled Requests: 0
Request Handling Speed (#/second): 0
Avialable Sending Queue Items: 256
Total Sending Queue Items: 256
SilverlightPolicyServer ----------------------------------
Started Time: 2015/6/1 22:28:07
Is Running: True
Total Connections: 0
Maximum Allowed Connection Number: 10
Total Handled Requests: 0
Request Handling Speed (#/second): 0
Avialable Sending Queue Items: 256
Total Sending Queue Items: 256

2015-06-01 22:31:07,147 Performance - ---------------------------------------------------
CPU Usage: 0.00%, Physical Memory Usage: 44,990,464.00, Total Thread Count: 27
AvailableWorkingThreads: 32766, AvailableCompletionPortThreads: 1000
MaxWorkingThreads: 32767, MaxCompletionPortThreads: 1000
GameService ----------------------------------
Started Time: 2015/6/1 22:28:06
Is Running: True
Total Connections: 1
Maximum Allowed Connection Number: 1000
Total Handled Requests: 3
Request Handling Speed (#/second): 0
Avialable Sending Queue Items: 255
Total Sending Queue Items: 256
ManagementServer ----------------------------------
Started Time: 2015/6/1 22:28:07
Is Running: True
Total Connections: 0
Maximum Allowed Connection Number: 100
Total Handled Requests: 0
Request Handling Speed (#/second): 0
Avialable Sending Queue Items: 256
Total Sending Queue Items: 256
SilverlightPolicyServer ----------------------------------
Started Time: 2015/6/1 22:28:07
Is Running: True
Total Connections: 0
Maximum Allowed Connection Number: 10
Total Handled Requests: 0
Request Handling Speed (#/second): 0
Avialable Sending Queue Items: 256
Total Sending Queue Items: 256

2015-06-01 22:32:07,167 Performance - ---------------------------------------------------
CPU Usage: 0.00%, Physical Memory Usage: 45,375,488.00, Total Thread Count: 26
AvailableWorkingThreads: 32766, AvailableCompletionPortThreads: 1000
MaxWorkingThreads: 32767, MaxCompletionPortThreads: 1000
GameService ----------------------------------
Started Time: 2015/6/1 22:28:06
Is Running: True
Total Connections: 1
Maximum Allowed Connection Number: 1000
Total Handled Requests: 3
Request Handling Speed (#/second): 0
Avialable Sending Queue Items: 255
Total Sending Queue Items: 256
ManagementServer ----------------------------------
Started Time: 2015/6/1 22:28:07
Is Running: True
Total Connections: 0
Maximum Allowed Connection Number: 100
Total Handled Requests: 0
Request Handling Speed (#/second): 0
Avialable Sending Queue Items: 256
Total Sending Queue Items: 256
SilverlightPolicyServer ----------------------------------
Started Time: 2015/6/1 22:28:07
Is Running: True
Total Connections: 0
Maximum Allowed Connection Number: 10
Total Handled Requests: 0
Request Handling Speed (#/second): 0
Avialable Sending Queue Items: 256
Total Sending Queue Items: 256

2015-06-01 22:33:07,177 Performance - ---------------------------------------------------
CPU Usage: 0.00%, Physical Memory Usage: 45,764,608.00, Total Thread Count: 25
AvailableWorkingThreads: 32766, AvailableCompletionPortThreads: 1000
MaxWorkingThreads: 32767, MaxCompletionPortThreads: 1000
GameService ----------------------------------
Started Time: 2015/6/1 22:28:06
Is Running: True
Total Connections: 1
Maximum Allowed Connection Number: 1000
Total Handled Requests: 3
Request Handling Speed (#/second): 0
Avialable Sending Queue Items: 255
Total Sending Queue Items: 256
ManagementServer ----------------------------------
Started Time: 2015/6/1 22:28:07
Is Running: True
Total Connections: 0
Maximum Allowed Connection Number: 100
Total Handled Requests: 0
Request Handling Speed (#/second): 0
Avialable Sending Queue Items: 256
Total Sending Queue Items: 256
SilverlightPolicyServer ----------------------------------
Started Time: 2015/6/1 22:28:07
Is Running: True
Total Connections: 0
Maximum Allowed Connection Number: 10
Total Handled Requests: 0
Request Handling Speed (#/second): 0
Avialable Sending Queue Items: 256
Total Sending Queue Items: 256

2015-06-01 22:34:07,188 Performance - ---------------------------------------------------
CPU Usage: 0.00%, Physical Memory Usage: 46,231,552.00, Total Thread Count: 27
AvailableWorkingThreads: 32766, AvailableCompletionPortThreads: 1000
MaxWorkingThreads: 32767, MaxCompletionPortThreads: 1000
GameService ----------------------------------
Started Time: 2015/6/1 22:28:06
Is Running: True
Total Connections: 0
Maximum Allowed Connection Number: 1000
Total Handled Requests: 4
Request Handling Speed (#/second): 0
Avialable Sending Queue Items: 256
Total Sending Queue Items: 256
ManagementServer ----------------------------------
Started Time: 2015/6/1 22:28:07
Is Running: True
Total Connections: 0
Maximum Allowed Connection Number: 100
Total Handled Requests: 0
Request Handling Speed (#/second): 0
Avialable Sending Queue Items: 256
Total Sending Queue Items: 256
SilverlightPolicyServer ----------------------------------
Started Time: 2015/6/1 22:28:07
Is Running: True
Total Connections: 0
Maximum Allowed Connection Number: 10
Total Handled Requests: 0
Request Handling Speed (#/second): 0
Avialable Sending Queue Items: 256
Total Sending Queue Items: 256

2015-06-01 22:34:23,468 Performance - ---------------------------------------------------
CPU Usage: 0.00%, Physical Memory Usage: 36,802,560.00, Total Thread Count: 19
AvailableWorkingThreads: 32766, AvailableCompletionPortThreads: 1000
MaxWorkingThreads: 32767, MaxCompletionPortThreads: 1000
GameService ----------------------------------
Started Time: 2015/6/1 22:34:23
Is Running: True
Total Connections: 0
Maximum Allowed Connection Number: 1000
Total Handled Requests: 0
Request Handling Speed (#/second): 0
Avialable Sending Queue Items: 256
Total Sending Queue Items: 256
ManagementServer ----------------------------------
Started Time: 2015/6/1 22:34:23
Is Running: True
Total Connections: 0
Maximum Allowed Connection Number: 100
Total Handled Requests: 0
Request Handling Speed (#/second): 0
Avialable Sending Queue Items: 256
Total Sending Queue Items: 256
SilverlightPolicyServer ----------------------------------
Started Time: 2015/6/1 22:34:23
Is Running: True
Total Connections: 0
Maximum Allowed Connection Number: 10
Total Handled Requests: 0
Request Handling Speed (#/second): 0
Avialable Sending Queue Items: 256
Total Sending Queue Items: 256

2015-06-01 22:35:25,668 Performance - ---------------------------------------------------
CPU Usage: 0.00%, Physical Memory Usage: 36,499,456.00, Total Thread Count: 23
AvailableWorkingThreads: 32766, AvailableCompletionPortThreads: 1000
MaxWorkingThreads: 32767, MaxCompletionPortThreads: 1000
GameService ----------------------------------
Started Time: 2015/6/1 22:35:25
Is Running: True
Total Connections: 0
Maximum Allowed Connection Number: 1000
Total Handled Requests: 0
Request Handling Speed (#/second): 0
Avialable Sending Queue Items: 256
Total Sending Queue Items: 256
ManagementServer ----------------------------------
Started Time: 2015/6/1 22:35:25
Is Running: True
Total Connections: 0
Maximum Allowed Connection Number: 100
Total Handled Requests: 0
Request Handling Speed (#/second): 0
Avialable Sending Queue Items: 256
Total Sending Queue Items: 256
SilverlightPolicyServer ----------------------------------
Started Time: 2015/6/1 22:35:25
Is Running: True
Total Connections: 0
Maximum Allowed Connection Number: 10
Total Handled Requests: 0
Request Handling Speed (#/second): 0
Avialable Sending Queue Items: 256
Total Sending Queue Items: 256

2015-06-01 22:36:25,638 Performance - ---------------------------------------------------
CPU Usage: 0.26%, Physical Memory Usage: 43,970,560.00, Total Thread Count: 29
AvailableWorkingThreads: 32766, AvailableCompletionPortThreads: 1000
MaxWorkingThreads: 32767, MaxCompletionPortThreads: 1000
GameService ----------------------------------
Started Time: 2015/6/1 22:35:25
Is Running: True
Total Connections: 0
Maximum Allowed Connection Number: 1000
Total Handled Requests: 2
Request Handling Speed (#/second): 0
Avialable Sending Queue Items: 256
Total Sending Queue Items: 256
ManagementServer ----------------------------------
Started Time: 2015/6/1 22:35:25
Is Running: True
Total Connections: 0
Maximum Allowed Connection Number: 100
Total Handled Requests: 0
Request Handling Speed (#/second): 0
Avialable Sending Queue Items: 256
Total Sending Queue Items: 256
SilverlightPolicyServer ----------------------------------
Started Time: 2015/6/1 22:35:25
Is Running: True
Total Connections: 0
Maximum Allowed Connection Number: 10
Total Handled Requests: 0
Request Handling Speed (#/second): 0
Avialable Sending Queue Items: 256
Total Sending Queue Items: 256

2015-06-01 22:37:25,658 Performance - ---------------------------------------------------
CPU Usage: 0.00%, Physical Memory Usage: 44,339,200.00, Total Thread Count: 26
AvailableWorkingThreads: 32766, AvailableCompletionPortThreads: 1000
MaxWorkingThreads: 32767, MaxCompletionPortThreads: 1000
GameService ----------------------------------
Started Time: 2015/6/1 22:35:25
Is Running: True
Total Connections: 1
Maximum Allowed Connection Number: 1000
Total Handled Requests: 3
Request Handling Speed (#/second): 0
Avialable Sending Queue Items: 255
Total Sending Queue Items: 256
ManagementServer ----------------------------------
Started Time: 2015/6/1 22:35:25
Is Running: True
Total Connections: 0
Maximum Allowed Connection Number: 100
Total Handled Requests: 0
Request Handling Speed (#/second): 0
Avialable Sending Queue Items: 256
Total Sending Queue Items: 256
SilverlightPolicyServer ----------------------------------
Started Time: 2015/6/1 22:35:25
Is Running: True
Total Connections: 0
Maximum Allowed Connection Number: 10
Total Handled Requests: 0
Request Handling Speed (#/second): 0
Avialable Sending Queue Items: 256
Total Sending Queue Items: 256

2015-06-01 22:38:25,668 Performance - ---------------------------------------------------
CPU Usage: 0.00%, Physical Memory Usage: 44,351,488.00, Total Thread Count: 26
AvailableWorkingThreads: 32766, AvailableCompletionPortThreads: 1000
MaxWorkingThreads: 32767, MaxCompletionPortThreads: 1000
GameService ----------------------------------
Started Time: 2015/6/1 22:35:25
Is Running: True
Total Connections: 1
Maximum Allowed Connection Number: 1000
Total Handled Requests: 7
Request Handling Speed (#/second): 0
Avialable Sending Queue Items: 255
Total Sending Queue Items: 256
ManagementServer ----------------------------------
Started Time: 2015/6/1 22:35:25
Is Running: True
Total Connections: 0
Maximum Allowed Connection Number: 100
Total Handled Requests: 0
Request Handling Speed (#/second): 0
Avialable Sending Queue Items: 256
Total Sending Queue Items: 256
SilverlightPolicyServer ----------------------------------
Started Time: 2015/6/1 22:35:25
Is Running: True
Total Connections: 0
Maximum Allowed Connection Number: 10
Total Handled Requests: 0
Request Handling Speed (#/second): 0
Avialable Sending Queue Items: 256
Total Sending Queue Items: 256

2015-06-01 22:48:23,562 Performance - ---------------------------------------------------
CPU Usage: 0.00%, Physical Memory Usage: 36,757,504.00, Total Thread Count: 19
AvailableWorkingThreads: 32766, AvailableCompletionPortThreads: 1000
MaxWorkingThreads: 32767, MaxCompletionPortThreads: 1000
GameService ----------------------------------
Started Time: 2015/6/1 22:48:23
Is Running: True
Total Connections: 0
Maximum Allowed Connection Number: 1000
Total Handled Requests: 0
Request Handling Speed (#/second): 0
Avialable Sending Queue Items: 256
Total Sending Queue Items: 256
ManagementServer ----------------------------------
Started Time: 2015/6/1 22:48:23
Is Running: True
Total Connections: 0
Maximum Allowed Connection Number: 100
Total Handled Requests: 0
Request Handling Speed (#/second): 0
Avialable Sending Queue Items: 256
Total Sending Queue Items: 256
SilverlightPolicyServer ----------------------------------
Started Time: 2015/6/1 22:48:23
Is Running: True
Total Connections: 0
Maximum Allowed Connection Number: 10
Total Handled Requests: 0
Request Handling Speed (#/second): 0
Avialable Sending Queue Items: 256
Total Sending Queue Items: 256

2015-06-01 22:49:23,552 Performance - ---------------------------------------------------
CPU Usage: 0.19%, Physical Memory Usage: 43,245,568.00, Total Thread Count: 24
AvailableWorkingThreads: 32766, AvailableCompletionPortThreads: 1000
MaxWorkingThreads: 32767, MaxCompletionPortThreads: 1000
GameService ----------------------------------
Started Time: 2015/6/1 22:48:23
Is Running: True
Total Connections: 1
Maximum Allowed Connection Number: 1000
Total Handled Requests: 0
Request Handling Speed (#/second): 0
Avialable Sending Queue Items: 255
Total Sending Queue Items: 256
ManagementServer ----------------------------------
Started Time: 2015/6/1 22:48:23
Is Running: True
Total Connections: 0
Maximum Allowed Connection Number: 100
Total Handled Requests: 0
Request Handling Speed (#/second): 0
Avialable Sending Queue Items: 256
Total Sending Queue Items: 256
SilverlightPolicyServer ----------------------------------
Started Time: 2015/6/1 22:48:23
Is Running: True
Total Connections: 0
Maximum Allowed Connection Number: 10
Total Handled Requests: 0
Request Handling Speed (#/second): 0
Avialable Sending Queue Items: 256
Total Sending Queue Items: 256

2015-06-01 22:50:23,572 Performance - ---------------------------------------------------
CPU Usage: 0.01%, Physical Memory Usage: 43,950,080.00, Total Thread Count: 23
AvailableWorkingThreads: 32766, AvailableCompletionPortThreads: 1000
MaxWorkingThreads: 32767, MaxCompletionPortThreads: 1000
GameService ----------------------------------
Started Time: 2015/6/1 22:48:23
Is Running: True
Total Connections: 1
Maximum Allowed Connection Number: 1000
Total Handled Requests: 0
Request Handling Speed (#/second): 0
Avialable Sending Queue Items: 255
Total Sending Queue Items: 256
ManagementServer ----------------------------------
Started Time: 2015/6/1 22:48:23
Is Running: True
Total Connections: 0
Maximum Allowed Connection Number: 100
Total Handled Requests: 0
Request Handling Speed (#/second): 0
Avialable Sending Queue Items: 256
Total Sending Queue Items: 256
SilverlightPolicyServer ----------------------------------
Started Time: 2015/6/1 22:48:23
Is Running: True
Total Connections: 0
Maximum Allowed Connection Number: 10
Total Handled Requests: 0
Request Handling Speed (#/second): 0
Avialable Sending Queue Items: 256
Total Sending Queue Items: 256

2015-06-01 22:51:23,582 Performance - ---------------------------------------------------
CPU Usage: 0.00%, Physical Memory Usage: 44,290,048.00, Total Thread Count: 22
AvailableWorkingThreads: 32766, AvailableCompletionPortThreads: 1000
MaxWorkingThreads: 32767, MaxCompletionPortThreads: 1000
GameService ----------------------------------
Started Time: 2015/6/1 22:48:23
Is Running: True
Total Connections: 1
Maximum Allowed Connection Number: 1000
Total Handled Requests: 0
Request Handling Speed (#/second): 0
Avialable Sending Queue Items: 255
Total Sending Queue Items: 256
ManagementServer ----------------------------------
Started Time: 2015/6/1 22:48:23
Is Running: True
Total Connections: 0
Maximum Allowed Connection Number: 100
Total Handled Requests: 0
Request Handling Speed (#/second): 0
Avialable Sending Queue Items: 256
Total Sending Queue Items: 256
SilverlightPolicyServer ----------------------------------
Started Time: 2015/6/1 22:48:23
Is Running: True
Total Connections: 0
Maximum Allowed Connection Number: 10
Total Handled Requests: 0
Request Handling Speed (#/second): 0
Avialable Sending Queue Items: 256
Total Sending Queue Items: 256

2015-06-01 22:52:23,651 Performance - ---------------------------------------------------
CPU Usage: 0.00%, Physical Memory Usage: 45,080,576.00, Total Thread Count: 26
AvailableWorkingThreads: 32766, AvailableCompletionPortThreads: 1000
MaxWorkingThreads: 32767, MaxCompletionPortThreads: 1000
GameService ----------------------------------
Started Time: 2015/6/1 22:48:23
Is Running: True
Total Connections: 1
Maximum Allowed Connection Number: 1000
Total Handled Requests: 0
Request Handling Speed (#/second): 0
Avialable Sending Queue Items: 255
Total Sending Queue Items: 256
ManagementServer ----------------------------------
Started Time: 2015/6/1 22:48:23
Is Running: True
Total Connections: 0
Maximum Allowed Connection Number: 100
Total Handled Requests: 0
Request Handling Speed (#/second): 0
Avialable Sending Queue Items: 256
Total Sending Queue Items: 256
SilverlightPolicyServer ----------------------------------
Started Time: 2015/6/1 22:48:23
Is Running: True
Total Connections: 0
Maximum Allowed Connection Number: 10
Total Handled Requests: 0
Request Handling Speed (#/second): 0
Avialable Sending Queue Items: 256
Total Sending Queue Items: 256

2015-06-01 22:53:23,611 Performance - ---------------------------------------------------
CPU Usage: 0.01%, Physical Memory Usage: 45,539,328.00, Total Thread Count: 25
AvailableWorkingThreads: 32766, AvailableCompletionPortThreads: 1000
MaxWorkingThreads: 32767, MaxCompletionPortThreads: 1000
GameService ----------------------------------
Started Time: 2015/6/1 22:48:23
Is Running: True
Total Connections: 1
Maximum Allowed Connection Number: 1000
Total Handled Requests: 0
Request Handling Speed (#/second): 0
Avialable Sending Queue Items: 255
Total Sending Queue Items: 256
ManagementServer ----------------------------------
Started Time: 2015/6/1 22:48:23
Is Running: True
Total Connections: 0
Maximum Allowed Connection Number: 100
Total Handled Requests: 0
Request Handling Speed (#/second): 0
Avialable Sending Queue Items: 256
Total Sending Queue Items: 256
SilverlightPolicyServer ----------------------------------
Started Time: 2015/6/1 22:48:23
Is Running: True
Total Connections: 0
Maximum Allowed Connection Number: 10
Total Handled Requests: 0
Request Handling Speed (#/second): 0
Avialable Sending Queue Items: 256
Total Sending Queue Items: 256

2015-06-01 22:54:23,621 Performance - ---------------------------------------------------
CPU Usage: 0.00%, Physical Memory Usage: 45,703,168.00, Total Thread Count: 26
AvailableWorkingThreads: 32766, AvailableCompletionPortThreads: 1000
MaxWorkingThreads: 32767, MaxCompletionPortThreads: 1000
GameService ----------------------------------
Started Time: 2015/6/1 22:48:23
Is Running: True
Total Connections: 1
Maximum Allowed Connection Number: 1000
Total Handled Requests: 0
Request Handling Speed (#/second): 0
Avialable Sending Queue Items: 255
Total Sending Queue Items: 256
ManagementServer ----------------------------------
Started Time: 2015/6/1 22:48:23
Is Running: True
Total Connections: 0
Maximum Allowed Connection Number: 100
Total Handled Requests: 0
Request Handling Speed (#/second): 0
Avialable Sending Queue Items: 256
Total Sending Queue Items: 256
SilverlightPolicyServer ----------------------------------
Started Time: 2015/6/1 22:48:23
Is Running: True
Total Connections: 0
Maximum Allowed Connection Number: 10
Total Handled Requests: 0
Request Handling Speed (#/second): 0
Avialable Sending Queue Items: 256
Total Sending Queue Items: 256

2015-06-01 22:55:23,641 Performance - ---------------------------------------------------
CPU Usage: 0.00%, Physical Memory Usage: 45,785,088.00, Total Thread Count: 27
AvailableWorkingThreads: 32766, AvailableCompletionPortThreads: 1000
MaxWorkingThreads: 32767, MaxCompletionPortThreads: 1000
GameService ----------------------------------
Started Time: 2015/6/1 22:48:23
Is Running: True
Total Connections: 1
Maximum Allowed Connection Number: 1000
Total Handled Requests: 0
Request Handling Speed (#/second): 0
Avialable Sending Queue Items: 255
Total Sending Queue Items: 256
ManagementServer ----------------------------------
Started Time: 2015/6/1 22:48:23
Is Running: True
Total Connections: 0
Maximum Allowed Connection Number: 100
Total Handled Requests: 0
Request Handling Speed (#/second): 0
Avialable Sending Queue Items: 256
Total Sending Queue Items: 256
SilverlightPolicyServer ----------------------------------
Started Time: 2015/6/1 22:48:23
Is Running: True
Total Connections: 0
Maximum Allowed Connection Number: 10
Total Handled Requests: 0
Request Handling Speed (#/second): 0
Avialable Sending Queue Items: 256
Total Sending Queue Items: 256

2015-06-01 22:56:23,652 Performance - ---------------------------------------------------
CPU Usage: 0.00%, Physical Memory Usage: 46,104,576.00, Total Thread Count: 27
AvailableWorkingThreads: 32766, AvailableCompletionPortThreads: 1000
MaxWorkingThreads: 32767, MaxCompletionPortThreads: 1000
GameService ----------------------------------
Started Time: 2015/6/1 22:48:23
Is Running: True
Total Connections: 1
Maximum Allowed Connection Number: 1000
Total Handled Requests: 0
Request Handling Speed (#/second): 0
Avialable Sending Queue Items: 255
Total Sending Queue Items: 256
ManagementServer ----------------------------------
Started Time: 2015/6/1 22:48:23
Is Running: True
Total Connections: 0
Maximum Allowed Connection Number: 100
Total Handled Requests: 0
Request Handling Speed (#/second): 0
Avialable Sending Queue Items: 256
Total Sending Queue Items: 256
SilverlightPolicyServer ----------------------------------
Started Time: 2015/6/1 22:48:23
Is Running: True
Total Connections: 0
Maximum Allowed Connection Number: 10
Total Handled Requests: 0
Request Handling Speed (#/second): 0
Avialable Sending Queue Items: 256
Total Sending Queue Items: 256

2015-06-01 23:09:40,833 Performance - ---------------------------------------------------
CPU Usage: 0.00%, Physical Memory Usage: 37,052,416.00, Total Thread Count: 23
AvailableWorkingThreads: 32766, AvailableCompletionPortThreads: 1000
MaxWorkingThreads: 32767, MaxCompletionPortThreads: 1000
GameService ----------------------------------
Started Time: 2015/6/1 23:09:40
Is Running: True
Total Connections: 0
Maximum Allowed Connection Number: 1000
Total Handled Requests: 0
Request Handling Speed (#/second): 0
Avialable Sending Queue Items: 256
Total Sending Queue Items: 256
ManagementServer ----------------------------------
Started Time: 2015/6/1 23:09:40
Is Running: True
Total Connections: 0
Maximum Allowed Connection Number: 100
Total Handled Requests: 0
Request Handling Speed (#/second): 0
Avialable Sending Queue Items: 256
Total Sending Queue Items: 256
SilverlightPolicyServer ----------------------------------
Started Time: 2015/6/1 23:09:40
Is Running: True
Total Connections: 0
Maximum Allowed Connection Number: 10
Total Handled Requests: 0
Request Handling Speed (#/second): 0
Avialable Sending Queue Items: 256
Total Sending Queue Items: 256

2015-06-01 23:10:40,813 Performance - ---------------------------------------------------
CPU Usage: 0.21%, Physical Memory Usage: 43,737,088.00, Total Thread Count: 28
AvailableWorkingThreads: 32766, AvailableCompletionPortThreads: 1000
MaxWorkingThreads: 32767, MaxCompletionPortThreads: 1000
GameService ----------------------------------
Started Time: 2015/6/1 23:09:40
Is Running: True
Total Connections: 1
Maximum Allowed Connection Number: 1000
Total Handled Requests: 1
Request Handling Speed (#/second): 0
Avialable Sending Queue Items: 255
Total Sending Queue Items: 256
ManagementServer ----------------------------------
Started Time: 2015/6/1 23:09:40
Is Running: True
Total Connections: 0
Maximum Allowed Connection Number: 100
Total Handled Requests: 0
Request Handling Speed (#/second): 0
Avialable Sending Queue Items: 256
Total Sending Queue Items: 256
SilverlightPolicyServer ----------------------------------
Started Time: 2015/6/1 23:09:40
Is Running: True
Total Connections: 0
Maximum Allowed Connection Number: 10
Total Handled Requests: 0
Request Handling Speed (#/second): 0
Avialable Sending Queue Items: 256
Total Sending Queue Items: 256

2015-06-01 23:11:21,463 Performance - ---------------------------------------------------
CPU Usage: 0.00%, Physical Memory Usage: 36,651,008.00, Total Thread Count: 19
AvailableWorkingThreads: 32766, AvailableCompletionPortThreads: 1000
MaxWorkingThreads: 32767, MaxCompletionPortThreads: 1000
GameService ----------------------------------
Started Time: 2015/6/1 23:11:21
Is Running: True
Total Connections: 0
Maximum Allowed Connection Number: 1000
Total Handled Requests: 0
Request Handling Speed (#/second): 0
Avialable Sending Queue Items: 256
Total Sending Queue Items: 256
ManagementServer ----------------------------------
Started Time: 2015/6/1 23:11:21
Is Running: True
Total Connections: 0
Maximum Allowed Connection Number: 100
Total Handled Requests: 0
Request Handling Speed (#/second): 0
Avialable Sending Queue Items: 256
Total Sending Queue Items: 256
SilverlightPolicyServer ----------------------------------
Started Time: 2015/6/1 23:11:21
Is Running: True
Total Connections: 0
Maximum Allowed Connection Number: 10
Total Handled Requests: 0
Request Handling Speed (#/second): 0
Avialable Sending Queue Items: 256
Total Sending Queue Items: 256

2015-06-01 23:13:04,397 Performance - ---------------------------------------------------
CPU Usage: 0.00%, Physical Memory Usage: 37,470,208.00, Total Thread Count: 23
AvailableWorkingThreads: 32766, AvailableCompletionPortThreads: 1000
MaxWorkingThreads: 32767, MaxCompletionPortThreads: 1000
GameService ----------------------------------
Started Time: 2015/6/1 23:13:04
Is Running: True
Total Connections: 0
Maximum Allowed Connection Number: 1000
Total Handled Requests: 0
Request Handling Speed (#/second): 0
Avialable Sending Queue Items: 256
Total Sending Queue Items: 256
ManagementServer ----------------------------------
Started Time: 2015/6/1 23:13:04
Is Running: True
Total Connections: 0
Maximum Allowed Connection Number: 100
Total Handled Requests: 0
Request Handling Speed (#/second): 0
Avialable Sending Queue Items: 256
Total Sending Queue Items: 256
SilverlightPolicyServer ----------------------------------
Started Time: 2015/6/1 23:13:04
Is Running: True
Total Connections: 0
Maximum Allowed Connection Number: 10
Total Handled Requests: 0
Request Handling Speed (#/second): 0
Avialable Sending Queue Items: 256
Total Sending Queue Items: 256

